01:35:43.548 [JavaFX-Launcher] INFO  o.s.d.r.c.RepositoryConfigurationDelegate - Bootstrapping Spring Data JPA repositories in DEFAULT mode.
01:35:43.610 [JavaFX-Launcher] INFO  o.s.d.r.c.RepositoryConfigurationDelegate - Finished Spring Data repository scanning in 56 ms. Found 1 JPA repository interfaces.
01:35:43.791 [JavaFX-Launcher] INFO  o.h.jpa.internal.util.LogHelper - HHH000204: Processing PersistenceUnitInfo [name: default]
01:35:43.810 [JavaFX-Launcher] INFO  org.hibernate.Version - HHH000412: Hibernate ORM core version [WORKING]
01:35:44.373 [JavaFX-Launcher] INFO  SQL dialect - HHH000400: Using dialect: org.hibernate.dialect.HSQLDialect
01:35:44.580 [JavaFX-Launcher] INFO  o.h.m.i.EntityInstantiatorPojoStandard - HHH000182: No default (no-argument) constructor for class: abm.javafxtemplate.dao.entities.UserEntity (class must be instantiated by Interceptor)
01:35:44.646 [JavaFX-Launcher] INFO  o.h.e.t.j.p.i.JtaPlatformInitiator - HHH000490: Using JtaPlatform implementation: [org.hibernate.engine.transaction.jta.platform.internal.NoJtaPlatform]
01:35:44.649 [JavaFX-Launcher] INFO  o.s.o.j.LocalContainerEntityManagerFactoryBean - Initialized JPA EntityManagerFactory for persistence unit 'default'
01:35:44.713 [JavaFX-Launcher] WARN  o.s.c.LocalVariableTableParameterNameDiscoverer - Using deprecated '-debug' fallback for parameter name resolution. Compile the affected code with '-parameters' instead or avoid its introspection: abm.javafxtemplate.dao.entities.UserEntity
01:36:16.874 [JavaFX-Launcher] INFO  o.s.d.r.c.RepositoryConfigurationDelegate - Bootstrapping Spring Data JPA repositories in DEFAULT mode.
01:36:16.944 [JavaFX-Launcher] INFO  o.s.d.r.c.RepositoryConfigurationDelegate - Finished Spring Data repository scanning in 56 ms. Found 1 JPA repository interfaces.
01:36:17.034 [JavaFX-Launcher] INFO  o.h.jpa.internal.util.LogHelper - HHH000204: Processing PersistenceUnitInfo [name: default]
01:36:17.049 [JavaFX-Launcher] INFO  org.hibernate.Version - HHH000412: Hibernate ORM core version [WORKING]
01:36:17.515 [JavaFX-Launcher] INFO  SQL dialect - HHH000400: Using dialect: org.hibernate.dialect.HSQLDialect
01:36:17.732 [JavaFX-Launcher] INFO  o.h.m.i.EntityInstantiatorPojoStandard - HHH000182: No default (no-argument) constructor for class: abm.javafxtemplate.dao.entities.UserEntity (class must be instantiated by Interceptor)
01:36:17.801 [JavaFX-Launcher] INFO  o.h.e.t.j.p.i.JtaPlatformInitiator - HHH000490: Using JtaPlatform implementation: [org.hibernate.engine.transaction.jta.platform.internal.NoJtaPlatform]
01:36:17.804 [JavaFX-Launcher] INFO  o.s.o.j.LocalContainerEntityManagerFactoryBean - Initialized JPA EntityManagerFactory for persistence unit 'default'
01:36:17.867 [JavaFX-Launcher] WARN  o.s.c.LocalVariableTableParameterNameDiscoverer - Using deprecated '-debug' fallback for parameter name resolution. Compile the affected code with '-parameters' instead or avoid its introspection: abm.javafxtemplate.dao.entities.UserEntity
01:37:55.739 [JavaFX-Launcher] INFO  o.s.d.r.c.RepositoryConfigurationDelegate - Bootstrapping Spring Data JPA repositories in DEFAULT mode.
01:37:55.804 [JavaFX-Launcher] INFO  o.s.d.r.c.RepositoryConfigurationDelegate - Finished Spring Data repository scanning in 59 ms. Found 1 JPA repository interfaces.
01:37:55.904 [JavaFX-Launcher] INFO  o.h.jpa.internal.util.LogHelper - HHH000204: Processing PersistenceUnitInfo [name: default]
01:37:55.918 [JavaFX-Launcher] INFO  org.hibernate.Version - HHH000412: Hibernate ORM core version [WORKING]
01:37:56.381 [JavaFX-Launcher] INFO  SQL dialect - HHH000400: Using dialect: org.hibernate.dialect.HSQLDialect
01:37:56.602 [JavaFX-Launcher] INFO  o.h.m.i.EntityInstantiatorPojoStandard - HHH000182: No default (no-argument) constructor for class: abm.javafxtemplate.dao.entities.UserEntity (class must be instantiated by Interceptor)
01:37:56.672 [JavaFX-Launcher] INFO  o.h.e.t.j.p.i.JtaPlatformInitiator - HHH000490: Using JtaPlatform implementation: [org.hibernate.engine.transaction.jta.platform.internal.NoJtaPlatform]
01:37:56.676 [JavaFX-Launcher] INFO  o.s.o.j.LocalContainerEntityManagerFactoryBean - Initialized JPA EntityManagerFactory for persistence unit 'default'
01:37:56.746 [JavaFX-Launcher] WARN  o.s.c.LocalVariableTableParameterNameDiscoverer - Using deprecated '-debug' fallback for parameter name resolution. Compile the affected code with '-parameters' instead or avoid its introspection: abm.javafxtemplate.dao.entities.UserEntity
01:38:08.678 [JavaFX-Launcher] INFO  o.s.d.r.c.RepositoryConfigurationDelegate - Bootstrapping Spring Data JPA repositories in DEFAULT mode.
01:38:08.746 [JavaFX-Launcher] INFO  o.s.d.r.c.RepositoryConfigurationDelegate - Finished Spring Data repository scanning in 63 ms. Found 1 JPA repository interfaces.
01:38:08.838 [JavaFX-Launcher] INFO  o.h.jpa.internal.util.LogHelper - HHH000204: Processing PersistenceUnitInfo [name: default]
01:38:08.852 [JavaFX-Launcher] INFO  org.hibernate.Version - HHH000412: Hibernate ORM core version [WORKING]
01:38:09.287 [JavaFX-Launcher] INFO  SQL dialect - HHH000400: Using dialect: org.hibernate.dialect.HSQLDialect
01:38:09.488 [JavaFX-Launcher] INFO  o.h.m.i.EntityInstantiatorPojoStandard - HHH000182: No default (no-argument) constructor for class: abm.javafxtemplate.dao.entities.UserEntity (class must be instantiated by Interceptor)
01:38:09.557 [JavaFX-Launcher] INFO  o.h.e.t.j.p.i.JtaPlatformInitiator - HHH000490: Using JtaPlatform implementation: [org.hibernate.engine.transaction.jta.platform.internal.NoJtaPlatform]
01:38:09.560 [JavaFX-Launcher] INFO  o.s.o.j.LocalContainerEntityManagerFactoryBean - Initialized JPA EntityManagerFactory for persistence unit 'default'
01:38:09.622 [JavaFX-Launcher] WARN  o.s.c.LocalVariableTableParameterNameDiscoverer - Using deprecated '-debug' fallback for parameter name resolution. Compile the affected code with '-parameters' instead or avoid its introspection: abm.javafxtemplate.dao.entities.UserEntity
01:39:50.325 [JavaFX-Launcher] INFO  o.s.d.r.c.RepositoryConfigurationDelegate - Bootstrapping Spring Data JPA repositories in DEFAULT mode.
01:39:50.408 [JavaFX-Launcher] INFO  o.s.d.r.c.RepositoryConfigurationDelegate - Finished Spring Data repository scanning in 78 ms. Found 1 JPA repository interfaces.
01:39:50.518 [JavaFX-Launcher] INFO  o.h.jpa.internal.util.LogHelper - HHH000204: Processing PersistenceUnitInfo [name: default]
01:39:50.538 [JavaFX-Launcher] INFO  org.hibernate.Version - HHH000412: Hibernate ORM core version [WORKING]
01:39:51.034 [JavaFX-Launcher] INFO  SQL dialect - HHH000400: Using dialect: org.hibernate.dialect.HSQLDialect
01:39:51.251 [JavaFX-Launcher] INFO  o.h.m.i.EntityInstantiatorPojoStandard - HHH000182: No default (no-argument) constructor for class: abm.javafxtemplate.dao.entities.UserEntity (class must be instantiated by Interceptor)
01:39:51.321 [JavaFX-Launcher] INFO  o.h.e.t.j.p.i.JtaPlatformInitiator - HHH000490: Using JtaPlatform implementation: [org.hibernate.engine.transaction.jta.platform.internal.NoJtaPlatform]
01:39:51.324 [JavaFX-Launcher] INFO  o.s.o.j.LocalContainerEntityManagerFactoryBean - Initialized JPA EntityManagerFactory for persistence unit 'default'
01:39:51.386 [JavaFX-Launcher] WARN  o.s.c.LocalVariableTableParameterNameDiscoverer - Using deprecated '-debug' fallback for parameter name resolution. Compile the affected code with '-parameters' instead or avoid its introspection: abm.javafxtemplate.dao.entities.UserEntity
